[debug] [2026-03-06T16:35:42.346Z] ----------------------------------------------------------------------
[debug] [2026-03-06T16:35:42.350Z] Command:       /usr/local/bin/firebase /home/anushtup/.cache/firebase/tools/lib/node_modules/firebase-tools/lib/bin/firebase deploy --only functions
[debug] [2026-03-06T16:35:42.350Z] CLI Version:   15.8.0
[debug] [2026-03-06T16:35:42.350Z] Platform:      linux
[debug] [2026-03-06T16:35:42.351Z] Node Version:  v20.18.2
[debug] [2026-03-06T16:35:42.351Z] Time:          Fri Mar 06 2026 22:05:42 GMT+0530 (India Standard Time)
[debug] [2026-03-06T16:35:42.351Z] ----------------------------------------------------------------------
[debug] 
[debug] [2026-03-06T16:35:44.024Z] > command requires scopes: ["email","openid","https://www.googleapis.com/auth/cloudplatformprojects.readonly","https://www.googleapis.com/auth/firebase","https://www.googleapis.com/auth/cloud-platform"]
[debug] [2026-03-06T16:35:44.025Z] > authorizing via signed-in user (kumaranushtup@gmail.com)
[debug] [2026-03-06T16:35:44.025Z] [iam] checking project nss-app-7a948 for permissions ["cloudfunctions.functions.create","cloudfunctions.functions.delete","cloudfunctions.functions.get","cloudfunctions.functions.list","cloudfunctions.functions.update","cloudfunctions.operations.get","firebase.projects.get"]
[debug] [2026-03-06T16:35:44.027Z] Checked if tokens are valid: true, expires at: 1772818077714
[debug] [2026-03-06T16:35:44.027Z] Checked if tokens are valid: true, expires at: 1772818077714
[debug] [2026-03-06T16:35:44.029Z] >>> [apiv2][query] POST https://cloudresourcemanager.googleapis.com/v1/projects/nss-app-7a948:testIamPermissions [none]
[debug] [2026-03-06T16:35:44.029Z] >>> [apiv2][(partial)header] POST https://cloudresourcemanager.googleapis.com/v1/projects/nss-app-7a948:testIamPermissions  x-goog-user-project=nss-app-7a948
[debug] [2026-03-06T16:35:44.030Z] >>> [apiv2][body] POST https://cloudresourcemanager.googleapis.com/v1/projects/nss-app-7a948:testIamPermissions {"permissions":["cloudfunctions.functions.create","cloudfunctions.functions.delete","cloudfunctions.functions.get","cloudfunctions.functions.list","cloudfunctions.functions.update","cloudfunctions.operations.get","firebase.projects.get"]}
[debug] [2026-03-06T16:35:45.786Z] <<< [apiv2][status] POST https://cloudresourcemanager.googleapis.com/v1/projects/nss-app-7a948:testIamPermissions 200
[debug] [2026-03-06T16:35:45.787Z] <<< [apiv2][body] POST https://cloudresourcemanager.googleapis.com/v1/projects/nss-app-7a948:testIamPermissions {"permissions":["cloudfunctions.functions.create","cloudfunctions.functions.delete","cloudfunctions.functions.get","cloudfunctions.functions.list","cloudfunctions.functions.update","cloudfunctions.operations.get","firebase.projects.get"]}
[debug] [2026-03-06T16:35:45.788Z] Checked if tokens are valid: true, expires at: 1772818077714
[debug] [2026-03-06T16:35:45.789Z] Checked if tokens are valid: true, expires at: 1772818077714
[debug] [2026-03-06T16:35:45.790Z] >>> [apiv2][query] POST https://iam.googleapis.com/v1/projects/nss-app-7a948/serviceAccounts/nss-app-7a948@appspot.gserviceaccount.com:testIamPermissions [none]
[debug] [2026-03-06T16:35:45.790Z] >>> [apiv2][body] POST https://iam.googleapis.com/v1/projects/nss-app-7a948/serviceAccounts/nss-app-7a948@appspot.gserviceaccount.com:testIamPermissions {"permissions":["iam.serviceAccounts.actAs"]}
[debug] [2026-03-06T16:35:47.714Z] <<< [apiv2][status] POST https://iam.googleapis.com/v1/projects/nss-app-7a948/serviceAccounts/nss-app-7a948@appspot.gserviceaccount.com:testIamPermissions 200
[debug] [2026-03-06T16:35:47.714Z] <<< [apiv2][body] POST https://iam.googleapis.com/v1/projects/nss-app-7a948/serviceAccounts/nss-app-7a948@appspot.gserviceaccount.com:testIamPermissions {"permissions":["iam.serviceAccounts.actAs"]}
[info] 
[info] === Deploying to 'nss-app-7a948'...
[info] 
[info] i  deploying functions 
[debug] [2026-03-06T16:35:47.728Z] Checked if tokens are valid: true, expires at: 1772818077714
[debug] [2026-03-06T16:35:47.729Z] Checked if tokens are valid: true, expires at: 1772818077714
[debug] [2026-03-06T16:35:47.729Z] >>> [apiv2][query] GET https://cloudresourcemanager.googleapis.com/v1/projects/nss-app-7a948 [none]
[debug] [2026-03-06T16:35:48.121Z] <<< [apiv2][status] GET https://cloudresourcemanager.googleapis.com/v1/projects/nss-app-7a948 200
[debug] [2026-03-06T16:35:48.122Z] <<< [apiv2][body] GET https://cloudresourcemanager.googleapis.com/v1/projects/nss-app-7a948 {"projectNumber":"855183432121","projectId":"nss-app-7a948","lifecycleState":"ACTIVE","name":"NSS App","labels":{"firebase":"enabled","firebase-core":"disabled"},"createTime":"2026-02-06T13:04:06.810755Z"}
[info] i  functions: preparing codebase default for deployment 
[info] i  functions: ensuring required API cloudfunctions.googleapis.com is enabled... 
[info] i  functions: ensuring required API cloudbuild.googleapis.com is enabled... 
[info] i  artifactregistry: ensuring required API artifactregistry.googleapis.com is enabled... 
[debug] [2026-03-06T16:35:48.129Z] Checked if tokens are valid: true, expires at: 1772818077714
[debug] [2026-03-06T16:35:48.129Z] Checked if tokens are valid: true, expires at: 1772818077714
[debug] [2026-03-06T16:35:48.129Z] >>> [apiv2][query] GET https://firebase.googleapis.com/v1beta1/projects/nss-app-7a948/adminSdkConfig [none]
[debug] [2026-03-06T16:35:48.786Z] <<< [apiv2][status] GET https://firebase.googleapis.com/v1beta1/projects/nss-app-7a948/adminSdkConfig 200
[debug] [2026-03-06T16:35:48.787Z] <<< [apiv2][body] GET https://firebase.googleapis.com/v1beta1/projects/nss-app-7a948/adminSdkConfig {"projectId":"nss-app-7a948","storageBucket":"nss-app-7a948.firebasestorage.app"}
[debug] [2026-03-06T16:35:48.795Z] Validating nodejs source
[debug] [2026-03-06T16:35:50.407Z] > [functions] package.json contents: {
  "name": "functions",
  "description": "Cloud Functions for Firebase",
  "scripts": {
    "serve": "firebase emulators:start --only functions",
    "shell": "firebase functions:shell",
    "start": "npm run shell",
    "deploy": "firebase deploy --only functions",
    "logs": "firebase functions:log"
  },
  "engines": {
    "node": "24"
  },
  "main": "index.js",
  "dependencies": {
    "firebase-admin": "^13.6.0",
    "firebase-functions": "^7.0.0"
  },
  "devDependencies": {
    "firebase-functions-test": "^3.4.1"
  },
  "private": true
}
[debug] [2026-03-06T16:35:50.407Z] Building nodejs source
[info] i  functions: Loading and analyzing source code for codebase default to determine what to deploy 
[debug] [2026-03-06T16:35:50.412Z] Could not find functions.yaml. Must use http discovery
[debug] [2026-03-06T16:35:50.431Z] Found firebase-functions binary at '/home/anushtup/AndroidStudioProjects/NSSApp/functions/node_modules/.bin/firebase-functions'
[info] Serving at port 8981

[debug] [2026-03-06T16:35:51.337Z] Got response from /__/functions.yaml {"endpoints":{"oneventcreated":{"availableMemoryMb":null,"timeoutSeconds":null,"minInstances":null,"maxInstances":null,"ingressSettings":null,"concurrency":null,"serviceAccountEmail":null,"vpc":null,"platform":"gcfv2","labels":{},"eventTrigger":{"eventType":"google.cloud.firestore.document.v1.created","eventFilters":{"database":"(default)","namespace":"(default)"},"eventFilterPathPatterns":{"document":"events/{eventId}"},"retry":false},"entryPoint":"oneventcreated"},"onpenaltyapplied":{"availableMemoryMb":null,"timeoutSeconds":null,"minInstances":null,"maxInstances":null,"ingressSettings":null,"concurrency":null,"serviceAccountEmail":null,"vpc":null,"platform":"gcfv2","labels":{},"eventTrigger":{"eventType":"google.cloud.firestore.document.v1.updated","eventFilters":{"database":"(default)","namespace":"(default)"},"eventFilterPathPatterns":{"document":"events/{eventId}"},"retry":false},"entryPoint":"onpenaltyapplied"}},"specVersion":"v1alpha1","requiredAPIs":[],"extensions":{}}
[info] i  extensions: ensuring required API firebaseextensions.googleapis.com is enabled... 
[debug] [2026-03-06T16:35:55.434Z] Checked if tokens are valid: true, expires at: 1772818077714
[debug] [2026-03-06T16:35:55.434Z] Checked if tokens are valid: true, expires at: 1772818077714
[debug] [2026-03-06T16:35:55.435Z] >>> [apiv2][query] GET https://serviceusage.googleapis.com/v1/projects/nss-app-7a948/services/firebaseextensions.googleapis.com [none]
[debug] [2026-03-06T16:35:55.435Z] >>> [apiv2][(partial)header] GET https://serviceusage.googleapis.com/v1/projects/nss-app-7a948/services/firebaseextensions.googleapis.com  x-goog-user-project=nss-app-7a948
[debug] [2026-03-06T16:35:57.540Z] <<< [apiv2][status] GET https://serviceusage.googleapis.com/v1/projects/nss-app-7a948/services/firebaseextensions.googleapis.com 200
[debug] [2026-03-06T16:35:57.541Z] <<< [apiv2][body] GET https://serviceusage.googleapis.com/v1/projects/nss-app-7a948/services/firebaseextensions.googleapis.com [omitted]
[warn] ⚠  extensions: missing required API firebaseextensions.googleapis.com. Enabling now... 
[debug] [2026-03-06T16:35:57.543Z] Checked if tokens are valid: true, expires at: 1772818077714
[debug] [2026-03-06T16:35:57.543Z] Checked if tokens are valid: true, expires at: 1772818077714
[debug] [2026-03-06T16:35:57.544Z] >>> [apiv2][query] POST https://serviceusage.googleapis.com/v1/projects/nss-app-7a948/services/firebaseextensions.googleapis.com:enable [none]
[debug] [2026-03-06T16:35:57.544Z] >>> [apiv2][(partial)header] POST https://serviceusage.googleapis.com/v1/projects/nss-app-7a948/services/firebaseextensions.googleapis.com:enable  x-goog-user-project=nss-app-7a948
[debug] [2026-03-06T16:35:59.302Z] <<< [apiv2][status] POST https://serviceusage.googleapis.com/v1/projects/nss-app-7a948/services/firebaseextensions.googleapis.com:enable 200
[debug] [2026-03-06T16:35:59.302Z] <<< [apiv2][body] POST https://serviceusage.googleapis.com/v1/projects/nss-app-7a948/services/firebaseextensions.googleapis.com:enable [omitted]
[debug] [2026-03-06T16:36:09.351Z] > command requires scopes: ["email","openid","https://www.googleapis.com/auth/cloudplatformprojects.readonly","https://www.googleapis.com/auth/firebase","https://www.googleapis.com/auth/cloud-platform"]
[debug] [2026-03-06T16:36:09.353Z] > authorizing via signed-in user (kumaranushtup@gmail.com)
[debug] [2026-03-06T16:36:09.354Z] [iam] checking project nss-app-7a948 for permissions ["firebase.projects.get","firebaseextensions.instances.list"]
[debug] [2026-03-06T16:36:09.356Z] Checked if tokens are valid: true, expires at: 1772818077714
[debug] [2026-03-06T16:36:09.357Z] Checked if tokens are valid: true, expires at: 1772818077714
[debug] [2026-03-06T16:36:09.359Z] >>> [apiv2][query] POST https://cloudresourcemanager.googleapis.com/v1/projects/nss-app-7a948:testIamPermissions [none]
[debug] [2026-03-06T16:36:09.360Z] >>> [apiv2][(partial)header] POST https://cloudresourcemanager.googleapis.com/v1/projects/nss-app-7a948:testIamPermissions  x-goog-user-project=nss-app-7a948
[debug] [2026-03-06T16:36:09.361Z] >>> [apiv2][body] POST https://cloudresourcemanager.googleapis.com/v1/projects/nss-app-7a948:testIamPermissions {"permissions":["firebase.projects.get","firebaseextensions.instances.list"]}
[debug] [2026-03-06T16:36:10.957Z] <<< [apiv2][status] POST https://cloudresourcemanager.googleapis.com/v1/projects/nss-app-7a948:testIamPermissions 200
[debug] [2026-03-06T16:36:10.958Z] <<< [apiv2][body] POST https://cloudresourcemanager.googleapis.com/v1/projects/nss-app-7a948:testIamPermissions {"permissions":["firebase.projects.get","firebaseextensions.instances.list"]}
[debug] [2026-03-06T16:36:10.960Z] Checked if tokens are valid: true, expires at: 1772818077714
[debug] [2026-03-06T16:36:10.960Z] Checked if tokens are valid: true, expires at: 1772818077714
[debug] [2026-03-06T16:36:10.963Z] >>> [apiv2][query] GET https://firebaseextensions.googleapis.com/v1beta/projects/nss-app-7a948/instances pageSize=100&pageToken=
[debug] [2026-03-06T16:36:14.028Z] <<< [apiv2][status] GET https://firebaseextensions.googleapis.com/v1beta/projects/nss-app-7a948/instances 200
[debug] [2026-03-06T16:36:14.028Z] <<< [apiv2][body] GET https://firebaseextensions.googleapis.com/v1beta/projects/nss-app-7a948/instances {}
[info] i  functions: preparing functions directory for uploading... 
[info] i  functions: packaged /home/anushtup/AndroidStudioProjects/NSSApp/functions (69.53 KB) for uploading 
[debug] [2026-03-06T16:36:14.176Z] Checked if tokens are valid: true, expires at: 1772818077714
[debug] [2026-03-06T16:36:14.176Z] Checked if tokens are valid: true, expires at: 1772818077714
[debug] [2026-03-06T16:36:14.176Z] >>> [apiv2][query] GET https://cloudfunctions.googleapis.com/v1/projects/nss-app-7a948/locations/-/functions [none]
[debug] [2026-03-06T16:36:15.351Z] <<< [apiv2][status] GET https://cloudfunctions.googleapis.com/v1/projects/nss-app-7a948/locations/-/functions 200
[debug] [2026-03-06T16:36:15.352Z] <<< [apiv2][body] GET https://cloudfunctions.googleapis.com/v1/projects/nss-app-7a948/locations/-/functions {"functions":[{"name":"projects/nss-app-7a948/locations/us-central1/functions/getBiometricChallenge","httpsTrigger":{"url":"https://us-central1-nss-app-7a948.cloudfunctions.net/getBiometricChallenge","securityLevel":"SECURE_ALWAYS"},"status":"ACTIVE","entryPoint":"getBiometricChallenge","timeout":"60s","availableMemoryMb":256,"serviceAccountEmail":"nss-app-7a948@appspot.gserviceaccount.com","updateTime":"2026-03-05T05:20:42.734Z","versionId":"3","labels":{"firebase-functions-hash":"fb7538ce1a06c35dac77e191aa59483805b094ea","deployment-tool":"cli-firebase","deployment-callable":"true"},"sourceUploadUrl":"https://storage.googleapis.com/uploads-704373999825.us-central1.cloudfunctions.appspot.com/32cc141e-cec1-4e35-8a77-9f30932cb324.zip","environmentVariables":{"FIREBASE_CONFIG":"{\"projectId\":\"nss-app-7a948\",\"storageBucket\":\"nss-app-7a948.firebasestorage.app\"}","GCLOUD_PROJECT":"nss-app-7a948","EVENTARC_CLOUD_EVENT_SOURCE":"projects/nss-app-7a948/locations/us-central1/functions/getBiometricChallenge"},"runtime":"nodejs20","ingressSettings":"ALLOW_ALL","buildId":"eff901f9-b2ed-4b4b-9714-4e9da146087e","buildEnvironmentVariables":{"GOOGLE_NODE_RUN_SCRIPTS":""},"buildName":"projects/855183432121/locations/us-central1/builds/eff901f9-b2ed-4b4b-9714-4e9da146087e","dockerRegistry":"ARTIFACT_REGISTRY","automaticUpdatePolicy":{},"buildServiceAccount":"projects/nss-app-7a948/serviceAccounts/855183432121-compute@developer.gserviceaccount.com","satisfiesPzi":true},{"name":"projects/nss-app-7a948/locations/us-central1/functions/getAuthenticationOptions","httpsTrigger":{"url":"https://us-central1-nss-app-7a948.cloudfunctions.net/getAuthenticationOptions","securityLevel":"SECURE_ALWAYS"},"status":"ACTIVE","entryPoint":"getAuthenticationOptions","timeout":"60s","availableMemoryMb":256,"serviceAccountEmail":"nss-app-7a948@appspot.gserviceaccount.com","updateTime":"2026-03-05T05:20:44.161Z","versionId":"9","labels":{"deployment-tool":"cli-firebase","deployment-callable":"true","firebase-functions-hash":"fb7538ce1a06c35dac77e191aa59483805b094ea"},"sourceUploadUrl":"https://storage.googleapis.com/uploads-704373999825.us-central1.cloudfunctions.appspot.com/32cc141e-cec1-4e35-8a77-9f30932cb324.zip","environmentVariables":{"FIREBASE_CONFIG":"{\"projectId\":\"nss-app-7a948\",\"storageBucket\":\"nss-app-7a948.firebasestorage.app\"}","GCLOUD_PROJECT":"nss-app-7a948","EVENTARC_CLOUD_EVENT_SOURCE":"projects/nss-app-7a948/locations/us-central1/functions/getAuthenticationOptions"},"runtime":"nodejs20","ingressSettings":"ALLOW_ALL","buildId":"eff901f9-b2ed-4b4b-9714-4e9da146087e","buildEnvironmentVariables":{"GOOGLE_NODE_RUN_SCRIPTS":""},"buildName":"projects/855183432121/locations/us-central1/builds/eff901f9-b2ed-4b4b-9714-4e9da146087e","dockerRegistry":"ARTIFACT_REGISTRY","automaticUpdatePolicy":{},"buildServiceAccount":"projects/nss-app-7a948/serviceAccounts/855183432121-compute@developer.gserviceaccount.com","satisfiesPzi":true},{"name":"projects/nss-app-7a948/locations/us-central1/functions/verifyRegistration","httpsTrigger":{"url":"https://us-central1-nss-app-7a948.cloudfunctions.net/verifyRegistration","securityLevel":"SECURE_ALWAYS"},"status":"ACTIVE","entryPoint":"verifyRegistration","timeout":"60s","availableMemoryMb":256,"serviceAccountEmail":"nss-app-7a948@appspot.gserviceaccount.com","updateTime":"2026-03-05T05:20:40.964Z","versionId":"9","labels":{"deployment-tool":"cli-firebase","deployment-callable":"true","firebase-functions-hash":"fb7538ce1a06c35dac77e191aa59483805b094ea"},"sourceUploadUrl":"https://storage.googleapis.com/uploads-704373999825.us-central1.cloudfunctions.appspot.com/32cc141e-cec1-4e35-8a77-9f30932cb324.zip","environmentVariables":{"FIREBASE_CONFIG":"{\"projectId\":\"nss-app-7a948\",\"storageBucket\":\"nss-app-7a948.firebasestorage.app\"}","GCLOUD_PROJECT":"nss-app-7a948","EVENTARC_CLOUD_EVENT_SOURCE":"projects/nss-app-7a948/locations/us-central1/functions/verifyRegistration"},"runtime":"nodejs20","ingressSettings":"ALLOW_ALL","buildId":"eff901f9-b2ed-4b4b-9714-4e9da146087e","buildEnvironmentVariables":{"GOOGLE_NODE_RUN_SCRIPTS":""},"buildName":"projects/855183432121/locations/us-central1/builds/eff901f9-b2ed-4b4b-9714-4e9da146087e","dockerRegistry":"ARTIFACT_REGISTRY","automaticUpdatePolicy":{},"buildServiceAccount":"projects/nss-app-7a948/serviceAccounts/855183432121-compute@developer.gserviceaccount.com","satisfiesPzi":true},{"name":"projects/nss-app-7a948/locations/us-central1/functions/verifyBiometricSignature","httpsTrigger":{"url":"https://us-central1-nss-app-7a948.cloudfunctions.net/verifyBiometricSignature","securityLevel":"SECURE_ALWAYS"},"status":"ACTIVE","entryPoint":"verifyBiometricSignature","timeout":"60s","availableMemoryMb":256,"serviceAccountEmail":"nss-app-7a948@appspot.gserviceaccount.com","updateTime":"2026-03-05T05:20:41.043Z","versionId":"3","labels":{"firebase-functions-hash":"fb7538ce1a06c35dac77e191aa59483805b094ea","deployment-tool":"cli-firebase","deployment-callable":"true"},"sourceUploadUrl":"https://storage.googleapis.com/uploads-704373999825.us-central1.cloudfunctions.appspot.com/32cc141e-cec1-4e35-8a77-9f30932cb324.zip","environmentVariables":{"FIREBASE_CONFIG":"{\"projectId\":\"nss-app-7a948\",\"storageBucket\":\"nss-app-7a948.firebasestorage.app\"}","GCLOUD_PROJECT":"nss-app-7a948","EVENTARC_CLOUD_EVENT_SOURCE":"projects/nss-app-7a948/locations/us-central1/functions/verifyBiometricSignature"},"runtime":"nodejs20","ingressSettings":"ALLOW_ALL","buildId":"eff901f9-b2ed-4b4b-9714-4e9da146087e","buildEnvironmentVariables":{"GOOGLE_NODE_RUN_SCRIPTS":""},"buildName":"projects/855183432121/locations/us-central1/builds/eff901f9-b2ed-4b4b-9714-4e9da146087e","dockerRegistry":"ARTIFACT_REGISTRY","automaticUpdatePolicy":{},"buildServiceAccount":"projects/nss-app-7a948/serviceAccounts/855183432121-compute@developer.gserviceaccount.com","satisfiesPzi":true},{"name":"projects/nss-app-7a948/locations/us-central1/functions/registerBiometricKey","httpsTrigger":{"url":"https://us-central1-nss-app-7a948.cloudfunctions.net/registerBiometricKey","securityLevel":"SECURE_ALWAYS"},"status":"ACTIVE","entryPoint":"registerBiometricKey","timeout":"60s","availableMemoryMb":256,"serviceAccountEmail":"nss-app-7a948@appspot.gserviceaccount.com","updateTime":"2026-03-05T05:20:42.572Z","versionId":"3","labels":{"deployment-tool":"cli-firebase","deployment-callable":"true","firebase-functions-hash":"fb7538ce1a06c35dac77e191aa59483805b094ea"},"sourceUploadUrl":"https://storage.googleapis.com/uploads-704373999825.us-central1.cloudfunctions.appspot.com/32cc141e-cec1-4e35-8a77-9f30932cb324.zip","environmentVariables":{"FIREBASE_CONFIG":"{\"projectId\":\"nss-app-7a948\",\"storageBucket\":\"nss-app-7a948.firebasestorage.app\"}","GCLOUD_PROJECT":"nss-app-7a948","EVENTARC_CLOUD_EVENT_SOURCE":"projects/nss-app-7a948/locations/us-central1/functions/registerBiometricKey"},"runtime":"nodejs20","ingressSettings":"ALLOW_ALL","buildId":"eff901f9-b2ed-4b4b-9714-4e9da146087e","buildEnvironmentVariables":{"GOOGLE_NODE_RUN_SCRIPTS":""},"buildName":"projects/855183432121/locations/us-central1/builds/eff901f9-b2ed-4b4b-9714-4e9da146087e","dockerRegistry":"ARTIFACT_REGISTRY","automaticUpdatePolicy":{},"buildServiceAccount":"projects/nss-app-7a948/serviceAccounts/855183432121-compute@developer.gserviceaccount.com","satisfiesPzi":true},{"name":"projects/nss-app-7a948/locations/us-central1/functions/getRegistrationOptions","httpsTrigger":{"url":"https://us-central1-nss-app-7a948.cloudfunctions.net/getRegistrationOptions","securityLevel":"SECURE_ALWAYS"},"status":"ACTIVE","entryPoint":"getRegistrationOptions","timeout":"60s","availableMemoryMb":256,"serviceAccountEmail":"nss-app-7a948@appspot.gserviceaccount.com","updateTime":"2026-03-05T05:20:41.161Z","versionId":"9","labels":{"deployment-callable":"true","firebase-functions-hash":"fb7538ce1a06c35dac77e191aa59483805b094ea","deployment-tool":"cli-firebase"},"sourceUploadUrl":"https://storage.googleapis.com/uploads-704373999825.us-central1.cloudfunctions.appspot.com/32cc141e-cec1-4e35-8a77-9f30932cb324.zip","environmentVariables":{"FIREBASE_CONFIG":"{\"projectId\":\"nss-app-7a948\",\"storageBucket\":\"nss-app-7a948.firebasestorage.app\"}","GCLOUD_PROJECT":"nss-app-7a948","EVENTARC_CLOUD_EVENT_SOURCE":"projects/nss-app-7a948/locations/us-central1/functions/getRegistrationOptions"},"runtime":"nodejs20","ingressSettings":"ALLOW_ALL","buildId":"eff901f9-b2ed-4b4b-9714-4e9da146087e","buildEnvironmentVariables":{"GOOGLE_NODE_RUN_SCRIPTS":""},"buildName":"projects/855183432121/locations/us-central1/builds/eff901f9-b2ed-4b4b-9714-4e9da146087e","dockerRegistry":"ARTIFACT_REGISTRY","automaticUpdatePolicy":{},"buildServiceAccount":"projects/nss-app-7a948/serviceAccounts/855183432121-compute@developer.gserviceaccount.com","satisfiesPzi":true},{"name":"projects/nss-app-7a948/locations/us-central1/functions/verifyAuthentication","httpsTrigger":{"url":"https://us-central1-nss-app-7a948.cloudfunctions.net/verifyAuthentication","securityLevel":"SECURE_ALWAYS"},"status":"ACTIVE","entryPoint":"verifyAuthentication","timeout":"60s","availableMemoryMb":256,"serviceAccountEmail":"nss-app-7a948@appspot.gserviceaccount.com","updateTime":"2026-03-05T05:20:41.187Z","versionId":"9","labels":{"deployment-callable":"true","firebase-functions-hash":"fb7538ce1a06c35dac77e191aa59483805b094ea","deployment-tool":"cli-firebase"},"sourceUploadUrl":"https://storage.googleapis.com/uploads-704373999825.us-central1.cloudfunctions.appspot.com/32cc141e-cec1-4e35-8a77-9f30932cb324.zip","environmentVariables":{"FIREBASE_CONFIG":"{\"projectId\":\"nss-app-7a948\",\"storageBucket\":\"nss-app-7a948.firebasestorage.app\"}","GCLOUD_PROJECT":"nss-app-7a948","EVENTARC_CLOUD_EVENT_SOURCE":"projects/nss-app-7a948/locations/us-central1/functions/verifyAuthentication"},"runtime":"nodejs20","ingressSettings":"ALLOW_ALL","buildId":"eff901f9-b2ed-4b4b-9714-4e9da146087e","buildEnvironmentVariables":{"GOOGLE_NODE_RUN_SCRIPTS":""},"buildName":"projects/855183432121/locations/us-central1/builds/eff901f9-b2ed-4b4b-9714-4e9da146087e","dockerRegistry":"ARTIFACT_REGISTRY","automaticUpdatePolicy":{},"buildServiceAccount":"projects/nss-app-7a948/serviceAccounts/855183432121-compute@developer.gserviceaccount.com","satisfiesPzi":true}]}
[debug] [2026-03-06T16:36:15.356Z] Checked if tokens are valid: true, expires at: 1772818077714
[debug] [2026-03-06T16:36:15.357Z] Checked if tokens are valid: true, expires at: 1772818077714
[debug] [2026-03-06T16:36:15.357Z] >>> [apiv2][query] GET https://cloudfunctions.googleapis.com/v2/projects/nss-app-7a948/locations/-/functions filter=environment%3D%22GEN_2%22
[debug] [2026-03-06T16:36:16.052Z] <<< [apiv2][status] GET https://cloudfunctions.googleapis.com/v2/projects/nss-app-7a948/locations/-/functions 200
[debug] [2026-03-06T16:36:16.053Z] <<< [apiv2][body] GET https://cloudfunctions.googleapis.com/v2/projects/nss-app-7a948/locations/-/functions {}
[debug] [2026-03-06T16:36:16.057Z] Checked if tokens are valid: true, expires at: 1772818077714
[debug] [2026-03-06T16:36:16.058Z] Checked if tokens are valid: true, expires at: 1772818077714
[debug] [2026-03-06T16:36:16.059Z] >>> [apiv2][query] GET https://firestore.googleapis.com/v1/projects/nss-app-7a948/databases/(default) [none]
[debug] [2026-03-06T16:36:17.918Z] <<< [apiv2][status] GET https://firestore.googleapis.com/v1/projects/nss-app-7a948/databases/(default) 200
[debug] [2026-03-06T16:36:17.918Z] <<< [apiv2][body] GET https://firestore.googleapis.com/v1/projects/nss-app-7a948/databases/(default) {"name":"projects/nss-app-7a948/databases/(default)","uid":"db79b4b8-531c-49f3-84c0-3e9a14198f09","createTime":"2026-02-06T13:09:29.584320Z","updateTime":"2026-02-06T13:09:29.584320Z","locationId":"nam5","type":"FIRESTORE_NATIVE","concurrencyMode":"PESSIMISTIC","versionRetentionPeriod":"3600s","earliestVersionTime":"2026-03-06T15:36:17.697995Z","appEngineIntegrationMode":"DISABLED","keyPrefix":"s","pointInTimeRecoveryEnablement":"POINT_IN_TIME_RECOVERY_DISABLED","deleteProtectionState":"DELETE_PROTECTION_DISABLED","databaseEdition":"STANDARD","freeTier":true,"realtimeUpdatesMode":"REALTIME_UPDATES_MODE_ENABLED","etag":"IIGK/rfai5MDMOfZ2Pnu/ZID"}
[info] i  functions: ensuring required API run.googleapis.com is enabled... 
[debug] [2026-03-06T16:36:17.926Z] Checked if tokens are valid: true, expires at: 1772818077714
[debug] [2026-03-06T16:36:17.926Z] Checked if tokens are valid: true, expires at: 1772818077714
[info] i  functions: ensuring required API eventarc.googleapis.com is enabled... 
[debug] [2026-03-06T16:36:17.928Z] Checked if tokens are valid: true, expires at: 1772818077714
[debug] [2026-03-06T16:36:17.928Z] Checked if tokens are valid: true, expires at: 1772818077714
[info] i  functions: ensuring required API pubsub.googleapis.com is enabled... 
[debug] [2026-03-06T16:36:17.929Z] Checked if tokens are valid: true, expires at: 1772818077714
[debug] [2026-03-06T16:36:17.929Z] Checked if tokens are valid: true, expires at: 1772818077714
[info] i  functions: ensuring required API storage.googleapis.com is enabled... 
[debug] [2026-03-06T16:36:17.931Z] Checked if tokens are valid: true, expires at: 1772818077714
[debug] [2026-03-06T16:36:17.931Z] Checked if tokens are valid: true, expires at: 1772818077714
[debug] [2026-03-06T16:36:17.931Z] >>> [apiv2][query] GET https://serviceusage.googleapis.com/v1/projects/855183432121/services/run.googleapis.com [none]
[debug] [2026-03-06T16:36:17.932Z] >>> [apiv2][(partial)header] GET https://serviceusage.googleapis.com/v1/projects/855183432121/services/run.googleapis.com  x-goog-user-project=855183432121
[debug] [2026-03-06T16:36:17.938Z] >>> [apiv2][query] GET https://serviceusage.googleapis.com/v1/projects/855183432121/services/eventarc.googleapis.com [none]
[debug] [2026-03-06T16:36:17.939Z] >>> [apiv2][(partial)header] GET https://serviceusage.googleapis.com/v1/projects/855183432121/services/eventarc.googleapis.com  x-goog-user-project=855183432121
[debug] [2026-03-06T16:36:17.946Z] >>> [apiv2][query] GET https://serviceusage.googleapis.com/v1/projects/855183432121/services/pubsub.googleapis.com [none]
[debug] [2026-03-06T16:36:17.946Z] >>> [apiv2][(partial)header] GET https://serviceusage.googleapis.com/v1/projects/855183432121/services/pubsub.googleapis.com  x-goog-user-project=855183432121
[debug] [2026-03-06T16:36:17.953Z] >>> [apiv2][query] GET https://serviceusage.googleapis.com/v1/projects/855183432121/services/storage.googleapis.com [none]
[debug] [2026-03-06T16:36:17.954Z] >>> [apiv2][(partial)header] GET https://serviceusage.googleapis.com/v1/projects/855183432121/services/storage.googleapis.com  x-goog-user-project=855183432121
[debug] [2026-03-06T16:36:18.933Z] <<< [apiv2][status] GET https://serviceusage.googleapis.com/v1/projects/855183432121/services/pubsub.googleapis.com 200
[debug] [2026-03-06T16:36:18.933Z] <<< [apiv2][body] GET https://serviceusage.googleapis.com/v1/projects/855183432121/services/pubsub.googleapis.com [omitted]
[info] ✔  functions: required API pubsub.googleapis.com is enabled 
[debug] [2026-03-06T16:36:19.766Z] <<< [apiv2][status] GET https://serviceusage.googleapis.com/v1/projects/855183432121/services/eventarc.googleapis.com 200
[debug] [2026-03-06T16:36:19.767Z] <<< [apiv2][body] GET https://serviceusage.googleapis.com/v1/projects/855183432121/services/eventarc.googleapis.com [omitted]
[warn] ⚠  functions: missing required API eventarc.googleapis.com. Enabling now... 
[debug] [2026-03-06T16:36:19.768Z] Checked if tokens are valid: true, expires at: 1772818077714
[debug] [2026-03-06T16:36:19.768Z] Checked if tokens are valid: true, expires at: 1772818077714
[debug] [2026-03-06T16:36:19.769Z] >>> [apiv2][query] POST https://serviceusage.googleapis.com/v1/projects/855183432121/services/eventarc.googleapis.com:enable [none]
[debug] [2026-03-06T16:36:19.769Z] >>> [apiv2][(partial)header] POST https://serviceusage.googleapis.com/v1/projects/855183432121/services/eventarc.googleapis.com:enable  x-goog-user-project=855183432121
[debug] [2026-03-06T16:36:19.782Z] <<< [apiv2][status] GET https://serviceusage.googleapis.com/v1/projects/855183432121/services/run.googleapis.com 200
[debug] [2026-03-06T16:36:19.786Z] <<< [apiv2][body] GET https://serviceusage.googleapis.com/v1/projects/855183432121/services/run.googleapis.com [omitted]
[warn] ⚠  functions: missing required API run.googleapis.com. Enabling now... 
[debug] [2026-03-06T16:36:19.787Z] Checked if tokens are valid: true, expires at: 1772818077714
[debug] [2026-03-06T16:36:19.787Z] Checked if tokens are valid: true, expires at: 1772818077714
[debug] [2026-03-06T16:36:19.788Z] >>> [apiv2][query] POST https://serviceusage.googleapis.com/v1/projects/855183432121/services/run.googleapis.com:enable [none]
[debug] [2026-03-06T16:36:19.788Z] >>> [apiv2][(partial)header] POST https://serviceusage.googleapis.com/v1/projects/855183432121/services/run.googleapis.com:enable  x-goog-user-project=855183432121
[debug] [2026-03-06T16:36:19.798Z] <<< [apiv2][status] GET https://serviceusage.googleapis.com/v1/projects/855183432121/services/storage.googleapis.com 200
[debug] [2026-03-06T16:36:19.799Z] <<< [apiv2][body] GET https://serviceusage.googleapis.com/v1/projects/855183432121/services/storage.googleapis.com [omitted]
[info] ✔  functions: required API storage.googleapis.com is enabled 
[debug] [2026-03-06T16:36:20.482Z] <<< [apiv2][status] POST https://serviceusage.googleapis.com/v1/projects/855183432121/services/run.googleapis.com:enable 200
[debug] [2026-03-06T16:36:20.482Z] <<< [apiv2][body] POST https://serviceusage.googleapis.com/v1/projects/855183432121/services/run.googleapis.com:enable [omitted]
[debug] [2026-03-06T16:36:21.488Z] <<< [apiv2][status] POST https://serviceusage.googleapis.com/v1/projects/855183432121/services/eventarc.googleapis.com:enable 200
[debug] [2026-03-06T16:36:21.489Z] <<< [apiv2][body] POST https://serviceusage.googleapis.com/v1/projects/855183432121/services/eventarc.googleapis.com:enable [omitted]
[info] i  functions: generating the service identity for pubsub.googleapis.com... 
[debug] [2026-03-06T16:36:31.499Z] Checked if tokens are valid: true, expires at: 1772818077714
[debug] [2026-03-06T16:36:31.500Z] Checked if tokens are valid: true, expires at: 1772818077714
[info] i  functions: generating the service identity for eventarc.googleapis.com... 
[debug] [2026-03-06T16:36:31.501Z] Checked if tokens are valid: true, expires at: 1772818077714
[debug] [2026-03-06T16:36:31.501Z] Checked if tokens are valid: true, expires at: 1772818077714
[debug] [2026-03-06T16:36:31.502Z] >>> [apiv2][query] POST https://serviceusage.googleapis.com/v1beta1/projects/855183432121/services/pubsub.googleapis.com:generateServiceIdentity [none]
[debug] [2026-03-06T16:36:31.502Z] >>> [apiv2][(partial)header] POST https://serviceusage.googleapis.com/v1beta1/projects/855183432121/services/pubsub.googleapis.com:generateServiceIdentity  x-goog-user-project=855183432121
[debug] [2026-03-06T16:36:31.502Z] >>> [apiv2][body] POST https://serviceusage.googleapis.com/v1beta1/projects/855183432121/services/pubsub.googleapis.com:generateServiceIdentity {}
[debug] [2026-03-06T16:36:31.510Z] >>> [apiv2][query] POST https://serviceusage.googleapis.com/v1beta1/projects/855183432121/services/eventarc.googleapis.com:generateServiceIdentity [none]
[debug] [2026-03-06T16:36:31.510Z] >>> [apiv2][(partial)header] POST https://serviceusage.googleapis.com/v1beta1/projects/855183432121/services/eventarc.googleapis.com:generateServiceIdentity  x-goog-user-project=855183432121
[debug] [2026-03-06T16:36:31.511Z] >>> [apiv2][body] POST https://serviceusage.googleapis.com/v1beta1/projects/855183432121/services/eventarc.googleapis.com:generateServiceIdentity {}
[debug] [2026-03-06T16:36:33.688Z] <<< [apiv2][status] POST https://serviceusage.googleapis.com/v1beta1/projects/855183432121/services/eventarc.googleapis.com:generateServiceIdentity 200
[debug] [2026-03-06T16:36:33.688Z] <<< [apiv2][body] POST https://serviceusage.googleapis.com/v1beta1/projects/855183432121/services/eventarc.googleapis.com:generateServiceIdentity {"name":"operations/finished.DONE_OPERATION","done":true,"response":{"@type":"type.googleapis.com/google.api.serviceusage.v1beta1.ServiceIdentity","email":"service-855183432121@gcp-sa-eventarc.iam.gserviceaccount.com","uniqueId":"107817038527056789188"}}
[debug] [2026-03-06T16:36:33.824Z] <<< [apiv2][status] POST https://serviceusage.googleapis.com/v1beta1/projects/855183432121/services/pubsub.googleapis.com:generateServiceIdentity 200
[debug] [2026-03-06T16:36:33.825Z] <<< [apiv2][body] POST https://serviceusage.googleapis.com/v1beta1/projects/855183432121/services/pubsub.googleapis.com:generateServiceIdentity {"name":"operations/finished.DONE_OPERATION","done":true,"response":{"@type":"type.googleapis.com/google.api.serviceusage.v1beta1.ServiceIdentity","email":"service-855183432121@gcp-sa-pubsub.iam.gserviceaccount.com","uniqueId":"116452463761654983735"}}
[debug] [2026-03-06T16:36:33.832Z] Checked if tokens are valid: true, expires at: 1772818077714
[debug] [2026-03-06T16:36:33.833Z] Checked if tokens are valid: true, expires at: 1772818077714
[debug] [2026-03-06T16:36:33.833Z] >>> [apiv2][query] GET https://compute.googleapis.com/compute/v1/projects/855183432121 [none]
[debug] [2026-03-06T16:36:34.587Z] <<< [apiv2][status] GET https://compute.googleapis.com/compute/v1/projects/855183432121 403
[debug] [2026-03-06T16:36:34.588Z] <<< [apiv2][body] GET https://compute.googleapis.com/compute/v1/projects/855183432121 {"error":{"code":403,"message":"Compute Engine API has not been used in project 855183432121 before or it is disabled. Enable it by visiting https://console.developers.google.com/apis/api/compute.googleapis.com/overview?project=855183432121 then retry. If you enabled this API recently, wait a few minutes for the action to propagate to our systems and retry.","errors":[{"message":"Compute Engine API has not been used in project 855183432121 before or it is disabled. Enable it by visiting https://console.developers.google.com/apis/api/compute.googleapis.com/overview?project=855183432121 then retry. If you enabled this API recently, wait a few minutes for the action to propagate to our systems and retry.","domain":"usageLimits","reason":"accessNotConfigured","extendedHelp":"https://console.developers.google.com"}],"status":"PERMISSION_DENIED","details":[{"@type":"type.googleapis.com/google.rpc.ErrorInfo","reason":"SERVICE_DISABLED","domain":"googleapis.com","metadata":{"service":"compute.googleapis.com","containerInfo":"855183432121","activationUrl":"https://console.developers.google.com/apis/api/compute.googleapis.com/overview?project=855183432121","consumer":"projects/855183432121","serviceTitle":"Compute Engine API"}},{"@type":"type.googleapis.com/google.rpc.LocalizedMessage","locale":"en-US","message":"Compute Engine API has not been used in project 855183432121 before or it is disabled. Enable it by visiting https://console.developers.google.com/apis/api/compute.googleapis.com/overview?project=855183432121 then retry. If you enabled this API recently, wait a few minutes for the action to propagate to our systems and retry."},{"@type":"type.googleapis.com/google.rpc.Help","links":[{"description":"Google developers console API activation","url":"https://console.developers.google.com/apis/api/compute.googleapis.com/overview?project=855183432121"}]}]}}
[debug] [2026-03-06T16:36:34.590Z] unable to look up default compute service account. Falling back to 855183432121-compute@developer.gserviceaccount.com. Error: {"name":"FirebaseError","children":[],"context":{"body":{"error":{"code":403,"message":"Compute Engine API has not been used in project 855183432121 before or it is disabled. Enable it by visiting https://console.developers.google.com/apis/api/compute.googleapis.com/overview?project=855183432121 then retry. If you enabled this API recently, wait a few minutes for the action to propagate to our systems and retry.","errors":[{"message":"Compute Engine API has not been used in project 855183432121 before or it is disabled. Enable it by visiting https://console.developers.google.com/apis/api/compute.googleapis.com/overview?project=855183432121 then retry. If you enabled this API recently, wait a few minutes for the action to propagate to our systems and retry.","domain":"usageLimits","reason":"accessNotConfigured","extendedHelp":"https://console.developers.google.com"}],"status":"PERMISSION_DENIED","details":[{"@type":"type.googleapis.com/google.rpc.ErrorInfo","reason":"SERVICE_DISABLED","domain":"googleapis.com","metadata":{"service":"compute.googleapis.com","containerInfo":"855183432121","activationUrl":"https://console.developers.google.com/apis/api/compute.googleapis.com/overview?project=855183432121","consumer":"projects/855183432121","serviceTitle":"Compute Engine API"}},{"@type":"type.googleapis.com/google.rpc.LocalizedMessage","locale":"en-US","message":"Compute Engine API has not been used in project 855183432121 before or it is disabled. Enable it by visiting https://console.developers.google.com/apis/api/compute.googleapis.com/overview?project=855183432121 then retry. If you enabled this API recently, wait a few minutes for the action to propagate to our systems and retry."},{"@type":"type.googleapis.com/google.rpc.Help","links":[{"description":"Google developers console API activation","url":"https://console.developers.google.com/apis/api/compute.googleapis.com/overview?project=855183432121"}]}]}},"response":{"statusCode":403}},"exit":1,"message":"Request to https://compute.googleapis.com/compute/v1/projects/855183432121 had HTTP Error: 403, Compute Engine API has not been used in project 855183432121 before or it is disabled. Enable it by visiting https://console.developers.google.com/apis/api/compute.googleapis.com/overview?project=855183432121 then retry. If you enabled this API recently, wait a few minutes for the action to propagate to our systems and retry.","status":403}
[debug] [2026-03-06T16:36:34.592Z] Checked if tokens are valid: true, expires at: 1772818077714
[debug] [2026-03-06T16:36:34.592Z] Checked if tokens are valid: true, expires at: 1772818077714
[debug] [2026-03-06T16:36:34.593Z] >>> [apiv2][query] POST https://cloudresourcemanager.googleapis.com/v1/projects/855183432121:getIamPolicy [none]
[debug] [2026-03-06T16:36:36.255Z] <<< [apiv2][status] POST https://cloudresourcemanager.googleapis.com/v1/projects/855183432121:getIamPolicy 200
[debug] [2026-03-06T16:36:36.256Z] <<< [apiv2][body] POST https://cloudresourcemanager.googleapis.com/v1/projects/855183432121:getIamPolicy {"version":1,"etag":"BwZMXac9sTo=","bindings":[{"role":"roles/artifactregistry.serviceAgent","members":["serviceAccount:service-855183432121@gcp-sa-artifactregistry.iam.gserviceaccount.com"]},{"role":"roles/cloudbuild.builds.builder","members":["serviceAccount:855183432121@cloudbuild.gserviceaccount.com"]},{"role":"roles/cloudbuild.serviceAgent","members":["serviceAccount:service-855183432121@gcp-sa-cloudbuild.iam.gserviceaccount.com"]},{"role":"roles/cloudfunctions.serviceAgent","members":["serviceAccount:service-855183432121@gcf-admin-robot.iam.gserviceaccount.com"]},{"role":"roles/containerregistry.ServiceAgent","members":["serviceAccount:service-855183432121@containerregistry.iam.gserviceaccount.com"]},{"role":"roles/editor","members":["serviceAccount:855183432121-compute@developer.gserviceaccount.com","serviceAccount:855183432121@cloudservices.gserviceaccount.com","serviceAccount:nss-app-7a948@appspot.gserviceaccount.com"]},{"role":"roles/firebase.managementServiceAgent","members":["serviceAccount:service-855183432121@gcp-sa-firebase.iam.gserviceaccount.com"]},{"role":"roles/firebase.sdkAdminServiceAgent","members":["serviceAccount:firebase-adminsdk-fbsvc@nss-app-7a948.iam.gserviceaccount.com"]},{"role":"roles/firebaseauth.admin","members":["serviceAccount:firebase-adminsdk-fbsvc@nss-app-7a948.iam.gserviceaccount.com"]},{"role":"roles/firebasemods.serviceAgent","members":["serviceAccount:service-855183432121@gcp-sa-firebasemods.iam.gserviceaccount.com"]},{"role":"roles/firebaserules.system","members":["serviceAccount:service-855183432121@firebase-rules.iam.gserviceaccount.com"]},{"role":"roles/firestore.serviceAgent","members":["serviceAccount:service-855183432121@gcp-sa-firestore.iam.gserviceaccount.com"]},{"role":"roles/iam.serviceAccountTokenCreator","members":["serviceAccount:firebase-adminsdk-fbsvc@nss-app-7a948.iam.gserviceaccount.com"]},{"role":"roles/owner","members":["user:anirudh.mkarthikeyan@gmail.com","user:kumaranushtup@gmail.com"]},{"role":"roles/run.serviceAgent","members":["serviceAccount:service-855183432121@serverless-robot-prod.iam.gserviceaccount.com"]}]}
[debug] [2026-03-06T16:36:36.258Z] Checked if tokens are valid: true, expires at: 1772818077714
[debug] [2026-03-06T16:36:36.258Z] Checked if tokens are valid: true, expires at: 1772818077714
[debug] [2026-03-06T16:36:36.258Z] >>> [apiv2][query] POST https://cloudresourcemanager.googleapis.com/v1/projects/855183432121:setIamPolicy [none]
[debug] [2026-03-06T16:36:36.259Z] >>> [apiv2][body] POST https://cloudresourcemanager.googleapis.com/v1/projects/855183432121:setIamPolicy {"policy":{"version":1,"etag":"BwZMXac9sTo=","bindings":[{"role":"roles/artifactregistry.serviceAgent","members":["serviceAccount:service-855183432121@gcp-sa-artifactregistry.iam.gserviceaccount.com"]},{"role":"roles/cloudbuild.builds.builder","members":["serviceAccount:855183432121@cloudbuild.gserviceaccount.com"]},{"role":"roles/cloudbuild.serviceAgent","members":["serviceAccount:service-855183432121@gcp-sa-cloudbuild.iam.gserviceaccount.com"]},{"role":"roles/cloudfunctions.serviceAgent","members":["serviceAccount:service-855183432121@gcf-admin-robot.iam.gserviceaccount.com"]},{"role":"roles/containerregistry.ServiceAgent","members":["serviceAccount:service-855183432121@containerregistry.iam.gserviceaccount.com"]},{"role":"roles/editor","members":["serviceAccount:855183432121-compute@developer.gserviceaccount.com","serviceAccount:855183432121@cloudservices.gserviceaccount.com","serviceAccount:nss-app-7a948@appspot.gserviceaccount.com"]},{"role":"roles/firebase.managementServiceAgent","members":["serviceAccount:service-855183432121@gcp-sa-firebase.iam.gserviceaccount.com"]},{"role":"roles/firebase.sdkAdminServiceAgent","members":["serviceAccount:firebase-adminsdk-fbsvc@nss-app-7a948.iam.gserviceaccount.com"]},{"role":"roles/firebaseauth.admin","members":["serviceAccount:firebase-adminsdk-fbsvc@nss-app-7a948.iam.gserviceaccount.com"]},{"role":"roles/firebasemods.serviceAgent","members":["serviceAccount:service-855183432121@gcp-sa-firebasemods.iam.gserviceaccount.com"]},{"role":"roles/firebaserules.system","members":["serviceAccount:service-855183432121@firebase-rules.iam.gserviceaccount.com"]},{"role":"roles/firestore.serviceAgent","members":["serviceAccount:service-855183432121@gcp-sa-firestore.iam.gserviceaccount.com"]},{"role":"roles/iam.serviceAccountTokenCreator","members":["serviceAccount:firebase-adminsdk-fbsvc@nss-app-7a948.iam.gserviceaccount.com","serviceAccount:service-855183432121@gcp-sa-pubsub.iam.gserviceaccount.com"]},{"role":"roles/owner","members":["user:anirudh.mkarthikeyan@gmail.com","user:kumaranushtup@gmail.com"]},{"role":"roles/run.serviceAgent","members":["serviceAccount:service-855183432121@serverless-robot-prod.iam.gserviceaccount.com"]},{"role":"roles/run.invoker","members":["serviceAccount:855183432121-compute@developer.gserviceaccount.com"]},{"role":"roles/eventarc.eventReceiver","members":["serviceAccount:855183432121-compute@developer.gserviceaccount.com"]}]},"updateMask":"bindings"}
[debug] [2026-03-06T16:36:37.358Z] <<< [apiv2][status] POST https://cloudresourcemanager.googleapis.com/v1/projects/855183432121:setIamPolicy 200
[debug] [2026-03-06T16:36:37.359Z] <<< [apiv2][body] POST https://cloudresourcemanager.googleapis.com/v1/projects/855183432121:setIamPolicy {"version":1,"etag":"BwZMXagogQk=","bindings":[{"role":"roles/artifactregistry.serviceAgent","members":["serviceAccount:service-855183432121@gcp-sa-artifactregistry.iam.gserviceaccount.com"]},{"role":"roles/cloudbuild.builds.builder","members":["serviceAccount:855183432121@cloudbuild.gserviceaccount.com"]},{"role":"roles/cloudbuild.serviceAgent","members":["serviceAccount:service-855183432121@gcp-sa-cloudbuild.iam.gserviceaccount.com"]},{"role":"roles/cloudfunctions.serviceAgent","members":["serviceAccount:service-855183432121@gcf-admin-robot.iam.gserviceaccount.com"]},{"role":"roles/containerregistry.ServiceAgent","members":["serviceAccount:service-855183432121@containerregistry.iam.gserviceaccount.com"]},{"role":"roles/editor","members":["serviceAccount:855183432121-compute@developer.gserviceaccount.com","serviceAccount:855183432121@cloudservices.gserviceaccount.com","serviceAccount:nss-app-7a948@appspot.gserviceaccount.com"]},{"role":"roles/eventarc.eventReceiver","members":["serviceAccount:855183432121-compute@developer.gserviceaccount.com"]},{"role":"roles/firebase.managementServiceAgent","members":["serviceAccount:service-855183432121@gcp-sa-firebase.iam.gserviceaccount.com"]},{"role":"roles/firebase.sdkAdminServiceAgent","members":["serviceAccount:firebase-adminsdk-fbsvc@nss-app-7a948.iam.gserviceaccount.com"]},{"role":"roles/firebaseauth.admin","members":["serviceAccount:firebase-adminsdk-fbsvc@nss-app-7a948.iam.gserviceaccount.com"]},{"role":"roles/firebasemods.serviceAgent","members":["serviceAccount:service-855183432121@gcp-sa-firebasemods.iam.gserviceaccount.com"]},{"role":"roles/firebaserules.system","members":["serviceAccount:service-855183432121@firebase-rules.iam.gserviceaccount.com"]},{"role":"roles/firestore.serviceAgent","members":["serviceAccount:service-855183432121@gcp-sa-firestore.iam.gserviceaccount.com"]},{"role":"roles/iam.serviceAccountTokenCreator","members":["serviceAccount:firebase-adminsdk-fbsvc@nss-app-7a948.iam.gserviceaccount.com","serviceAccount:service-855183432121@gcp-sa-pubsub.iam.gserviceaccount.com"]},{"role":"roles/owner","members":["user:anirudh.mkarthikeyan@gmail.com","user:kumaranushtup@gmail.com"]},{"role":"roles/run.invoker","members":["serviceAccount:855183432121-compute@developer.gserviceaccount.com"]},{"role":"roles/run.serviceAgent","members":["serviceAccount:service-855183432121@serverless-robot-prod.iam.gserviceaccount.com"]}]}
[debug] [2026-03-06T16:36:37.362Z] Checked if tokens are valid: true, expires at: 1772818077714
[debug] [2026-03-06T16:36:37.362Z] Checked if tokens are valid: true, expires at: 1772818077714
[debug] [2026-03-06T16:36:37.363Z] >>> [apiv2][query] GET https://cloudresourcemanager.googleapis.com/v1/projects/nss-app-7a948 [none]
[debug] [2026-03-06T16:36:37.779Z] <<< [apiv2][status] GET https://cloudresourcemanager.googleapis.com/v1/projects/nss-app-7a948 200
[debug] [2026-03-06T16:36:37.779Z] <<< [apiv2][body] GET https://cloudresourcemanager.googleapis.com/v1/projects/nss-app-7a948 {"projectNumber":"855183432121","projectId":"nss-app-7a948","lifecycleState":"ACTIVE","name":"NSS App","labels":{"firebase":"enabled","firebase-core":"disabled"},"createTime":"2026-02-06T13:04:06.810755Z"}
[debug] [2026-03-06T16:36:37.780Z] Checked if tokens are valid: true, expires at: 1772818077714
[debug] [2026-03-06T16:36:37.780Z] Checked if tokens are valid: true, expires at: 1772818077714
[debug] [2026-03-06T16:36:37.780Z] >>> [apiv2][query] GET https://compute.googleapis.com/compute/v1/projects/855183432121 [none]
[debug] [2026-03-06T16:36:38.142Z] <<< [apiv2][status] GET https://compute.googleapis.com/compute/v1/projects/855183432121 403
[debug] [2026-03-06T16:36:38.143Z] <<< [apiv2][body] GET https://compute.googleapis.com/compute/v1/projects/855183432121 {"error":{"code":403,"message":"Compute Engine API has not been used in project 855183432121 before or it is disabled. Enable it by visiting https://console.developers.google.com/apis/api/compute.googleapis.com/overview?project=855183432121 then retry. If you enabled this API recently, wait a few minutes for the action to propagate to our systems and retry.","errors":[{"message":"Compute Engine API has not been used in project 855183432121 before or it is disabled. Enable it by visiting https://console.developers.google.com/apis/api/compute.googleapis.com/overview?project=855183432121 then retry. If you enabled this API recently, wait a few minutes for the action to propagate to our systems and retry.","domain":"usageLimits","reason":"accessNotConfigured","extendedHelp":"https://console.developers.google.com"}],"status":"PERMISSION_DENIED","details":[{"@type":"type.googleapis.com/google.rpc.ErrorInfo","reason":"SERVICE_DISABLED","domain":"googleapis.com","metadata":{"activationUrl":"https://console.developers.google.com/apis/api/compute.googleapis.com/overview?project=855183432121","service":"compute.googleapis.com","containerInfo":"855183432121","consumer":"projects/855183432121","serviceTitle":"Compute Engine API"}},{"@type":"type.googleapis.com/google.rpc.LocalizedMessage","locale":"en-US","message":"Compute Engine API has not been used in project 855183432121 before or it is disabled. Enable it by visiting https://console.developers.google.com/apis/api/compute.googleapis.com/overview?project=855183432121 then retry. If you enabled this API recently, wait a few minutes for the action to propagate to our systems and retry."},{"@type":"type.googleapis.com/google.rpc.Help","links":[{"description":"Google developers console API activation","url":"https://console.developers.google.com/apis/api/compute.googleapis.com/overview?project=855183432121"}]}]}}
[debug] [2026-03-06T16:36:38.144Z] unable to look up default compute service account. Falling back to 855183432121-compute@developer.gserviceaccount.com. Error: {"name":"FirebaseError","children":[],"context":{"body":{"error":{"code":403,"message":"Compute Engine API has not been used in project 855183432121 before or it is disabled. Enable it by visiting https://console.developers.google.com/apis/api/compute.googleapis.com/overview?project=855183432121 then retry. If you enabled this API recently, wait a few minutes for the action to propagate to our systems and retry.","errors":[{"message":"Compute Engine API has not been used in project 855183432121 before or it is disabled. Enable it by visiting https://console.developers.google.com/apis/api/compute.googleapis.com/overview?project=855183432121 then retry. If you enabled this API recently, wait a few minutes for the action to propagate to our systems and retry.","domain":"usageLimits","reason":"accessNotConfigured","extendedHelp":"https://console.developers.google.com"}],"status":"PERMISSION_DENIED","details":[{"@type":"type.googleapis.com/google.rpc.ErrorInfo","reason":"SERVICE_DISABLED","domain":"googleapis.com","metadata":{"activationUrl":"https://console.developers.google.com/apis/api/compute.googleapis.com/overview?project=855183432121","service":"compute.googleapis.com","containerInfo":"855183432121","consumer":"projects/855183432121","serviceTitle":"Compute Engine API"}},{"@type":"type.googleapis.com/google.rpc.LocalizedMessage","locale":"en-US","message":"Compute Engine API has not been used in project 855183432121 before or it is disabled. Enable it by visiting https://console.developers.google.com/apis/api/compute.googleapis.com/overview?project=855183432121 then retry. If you enabled this API recently, wait a few minutes for the action to propagate to our systems and retry."},{"@type":"type.googleapis.com/google.rpc.Help","links":[{"description":"Google developers console API activation","url":"https://console.developers.google.com/apis/api/compute.googleapis.com/overview?project=855183432121"}]}]}},"response":{"statusCode":403}},"exit":1,"message":"Request to https://compute.googleapis.com/compute/v1/projects/855183432121 had HTTP Error: 403, Compute Engine API has not been used in project 855183432121 before or it is disabled. Enable it by visiting https://console.developers.google.com/apis/api/compute.googleapis.com/overview?project=855183432121 then retry. If you enabled this API recently, wait a few minutes for the action to propagate to our systems and retry.","status":403}
[debug] [2026-03-06T16:36:38.144Z] Checked if tokens are valid: true, expires at: 1772818077714
[debug] [2026-03-06T16:36:38.145Z] Checked if tokens are valid: true, expires at: 1772818077714
[debug] [2026-03-06T16:36:38.145Z] >>> [apiv2][query] GET https://compute.googleapis.com/compute/v1/projects/855183432121 [none]
[debug] [2026-03-06T16:36:38.601Z] <<< [apiv2][status] GET https://compute.googleapis.com/compute/v1/projects/855183432121 403
[debug] [2026-03-06T16:36:38.602Z] <<< [apiv2][body] GET https://compute.googleapis.com/compute/v1/projects/855183432121 {"error":{"code":403,"message":"Compute Engine API has not been used in project 855183432121 before or it is disabled. Enable it by visiting https://console.developers.google.com/apis/api/compute.googleapis.com/overview?project=855183432121 then retry. If you enabled this API recently, wait a few minutes for the action to propagate to our systems and retry.","errors":[{"message":"Compute Engine API has not been used in project 855183432121 before or it is disabled. Enable it by visiting https://console.developers.google.com/apis/api/compute.googleapis.com/overview?project=855183432121 then retry. If you enabled this API recently, wait a few minutes for the action to propagate to our systems and retry.","domain":"usageLimits","reason":"accessNotConfigured","extendedHelp":"https://console.developers.google.com"}],"status":"PERMISSION_DENIED","details":[{"@type":"type.googleapis.com/google.rpc.ErrorInfo","reason":"SERVICE_DISABLED","domain":"googleapis.com","metadata":{"service":"compute.googleapis.com","containerInfo":"855183432121","consumer":"projects/855183432121","activationUrl":"https://console.developers.google.com/apis/api/compute.googleapis.com/overview?project=855183432121","serviceTitle":"Compute Engine API"}},{"@type":"type.googleapis.com/google.rpc.LocalizedMessage","locale":"en-US","message":"Compute Engine API has not been used in project 855183432121 before or it is disabled. Enable it by visiting https://console.developers.google.com/apis/api/compute.googleapis.com/overview?project=855183432121 then retry. If you enabled this API recently, wait a few minutes for the action to propagate to our systems and retry."},{"@type":"type.googleapis.com/google.rpc.Help","links":[{"description":"Google developers console API activation","url":"https://console.developers.google.com/apis/api/compute.googleapis.com/overview?project=855183432121"}]}]}}
[debug] [2026-03-06T16:36:38.602Z] unable to look up default compute service account. Falling back to 855183432121-compute@developer.gserviceaccount.com. Error: {"name":"FirebaseError","children":[],"context":{"body":{"error":{"code":403,"message":"Compute Engine API has not been used in project 855183432121 before or it is disabled. Enable it by visiting https://console.developers.google.com/apis/api/compute.googleapis.com/overview?project=855183432121 then retry. If you enabled this API recently, wait a few minutes for the action to propagate to our systems and retry.","errors":[{"message":"Compute Engine API has not been used in project 855183432121 before or it is disabled. Enable it by visiting https://console.developers.google.com/apis/api/compute.googleapis.com/overview?project=855183432121 then retry. If you enabled this API recently, wait a few minutes for the action to propagate to our systems and retry.","domain":"usageLimits","reason":"accessNotConfigured","extendedHelp":"https://console.developers.google.com"}],"status":"PERMISSION_DENIED","details":[{"@type":"type.googleapis.com/google.rpc.ErrorInfo","reason":"SERVICE_DISABLED","domain":"googleapis.com","metadata":{"service":"compute.googleapis.com","containerInfo":"855183432121","consumer":"projects/855183432121","activationUrl":"https://console.developers.google.com/apis/api/compute.googleapis.com/overview?project=855183432121","serviceTitle":"Compute Engine API"}},{"@type":"type.googleapis.com/google.rpc.LocalizedMessage","locale":"en-US","message":"Compute Engine API has not been used in project 855183432121 before or it is disabled. Enable it by visiting https://console.developers.google.com/apis/api/compute.googleapis.com/overview?project=855183432121 then retry. If you enabled this API recently, wait a few minutes for the action to propagate to our systems and retry."},{"@type":"type.googleapis.com/google.rpc.Help","links":[{"description":"Google developers console API activation","url":"https://console.developers.google.com/apis/api/compute.googleapis.com/overview?project=855183432121"}]}]}},"response":{"statusCode":403}},"exit":1,"message":"Request to https://compute.googleapis.com/compute/v1/projects/855183432121 had HTTP Error: 403, Compute Engine API has not been used in project 855183432121 before or it is disabled. Enable it by visiting https://console.developers.google.com/apis/api/compute.googleapis.com/overview?project=855183432121 then retry. If you enabled this API recently, wait a few minutes for the action to propagate to our systems and retry.","status":403}
[debug] [2026-03-06T16:36:38.607Z] Checked if tokens are valid: true, expires at: 1772818077714
[debug] [2026-03-06T16:36:38.607Z] Checked if tokens are valid: true, expires at: 1772818077714
[debug] [2026-03-06T16:36:38.608Z] >>> [apiv2][query] GET https://cloudbilling.googleapis.com/v1/projects/nss-app-7a948/billingInfo [none]
[debug] [2026-03-06T16:36:40.349Z] <<< [apiv2][status] GET https://cloudbilling.googleapis.com/v1/projects/nss-app-7a948/billingInfo 200
[debug] [2026-03-06T16:36:40.349Z] <<< [apiv2][body] GET https://cloudbilling.googleapis.com/v1/projects/nss-app-7a948/billingInfo {"name":"projects/nss-app-7a948/billingInfo","projectId":"nss-app-7a948","billingAccountName":"billingAccounts/01CF80-2CDED6-27C478","billingEnabled":true}
[debug] [2026-03-06T16:36:40.357Z] Checked if tokens are valid: true, expires at: 1772818077714
[debug] [2026-03-06T16:36:40.357Z] Checked if tokens are valid: true, expires at: 1772818077714
[debug] [2026-03-06T16:36:40.357Z] >>> [apiv2][query] POST https://cloudfunctions.googleapis.com/v2/projects/nss-app-7a948/locations/us-central1/functions:generateUploadUrl [none]
[debug] [2026-03-06T16:36:42.493Z] <<< [apiv2][status] POST https://cloudfunctions.googleapis.com/v2/projects/nss-app-7a948/locations/us-central1/functions:generateUploadUrl 200
[debug] [2026-03-06T16:36:42.494Z] <<< [apiv2][body] POST https://cloudfunctions.googleapis.com/v2/projects/nss-app-7a948/locations/us-central1/functions:generateUploadUrl {"uploadUrl":"https://storage.googleapis.com/gcf-v2-uploads-855183432121.us-central1.cloudfunctions.appspot.com/ae8fac5e-0cda-4c8b-bb9e-d0f9376f302e.zip?GoogleAccessId=service-855183432121@gcf-admin-robot.iam.gserviceaccount.com&Expires=1772816802&Signature=Gwb63pqjmfdFxcmfud83htcNfL37mJ630Iy911kxBCYb9WYL1WS%2Fy%2BF4qIWUY7sTD1ypihvezIu8AHG6xsD4pw1Ww%2B9ewxl1DjEMUv41yiJPQXeVC8iAlR5unA5u6aTfB60Y3GSuJCDSo9ZNh2jxMQf%2F9%2FNFE%2BGHw4KYzN3cMzNOQiMnk60hWN5SVNB7BJahKzICpS6xwypBZfUq%2FON1mETBdhllyNKT8IfCI9To3IcaecpvLssm5bouWJrM35wF2Svre1SWO8QQ6judV3t3dH3LNNgDpTiyv8C80Er29dJXORvYXecucraDPiewKLDn7IqAAve6lwplRkwrjDhHTQ%3D%3D","storageSource":{"bucket":"gcf-v2-uploads-855183432121.us-central1.cloudfunctions.appspot.com","object":"ae8fac5e-0cda-4c8b-bb9e-d0f9376f302e.zip"}}
[debug] [2026-03-06T16:36:42.498Z] >>> [apiv2][query] PUT https://storage.googleapis.com/gcf-v2-uploads-855183432121.us-central1.cloudfunctions.appspot.com/ae8fac5e-0cda-4c8b-bb9e-d0f9376f302e.zip GoogleAccessId=service-855183432121%40gcf-admin-robot.iam.gserviceaccount.com&Expires=1772816802&Signature=Gwb63pqjmfdFxcmfud83htcNfL37mJ630Iy911kxBCYb9WYL1WS%2Fy%2BF4qIWUY7sTD1ypihvezIu8AHG6xsD4pw1Ww%2B9ewxl1DjEMUv41yiJPQXeVC8iAlR5unA5u6aTfB60Y3GSuJCDSo9ZNh2jxMQf%2F9%2FNFE%2BGHw4KYzN3cMzNOQiMnk60hWN5SVNB7BJahKzICpS6xwypBZfUq%2FON1mETBdhllyNKT8IfCI9To3IcaecpvLssm5bouWJrM35wF2Svre1SWO8QQ6judV3t3dH3LNNgDpTiyv8C80Er29dJXORvYXecucraDPiewKLDn7IqAAve6lwplRkwrjDhHTQ%3D%3D
[debug] [2026-03-06T16:36:42.498Z] >>> [apiv2][body] PUT https://storage.googleapis.com/gcf-v2-uploads-855183432121.us-central1.cloudfunctions.appspot.com/ae8fac5e-0cda-4c8b-bb9e-d0f9376f302e.zip [stream]
[debug] [2026-03-06T16:36:45.153Z] <<< [apiv2][status] PUT https://storage.googleapis.com/gcf-v2-uploads-855183432121.us-central1.cloudfunctions.appspot.com/ae8fac5e-0cda-4c8b-bb9e-d0f9376f302e.zip 200
[debug] [2026-03-06T16:36:45.153Z] <<< [apiv2][body] PUT https://storage.googleapis.com/gcf-v2-uploads-855183432121.us-central1.cloudfunctions.appspot.com/ae8fac5e-0cda-4c8b-bb9e-d0f9376f302e.zip [omitted]
[info] ✔  functions: functions source uploaded successfully 
[info] 
The following functions are found in your project but do not exist in your local source code:
	getAuthenticationOptions(us-central1)
	getBiometricChallenge(us-central1)
	getRegistrationOptions(us-central1)
	registerBiometricKey(us-central1)
	verifyAuthentication(us-central1)
	verifyBiometricSignature(us-central1)
	verifyRegistration(us-central1)

If you are renaming a function or changing its region, it is recommended that you create the new function first before deleting the old one to prevent event loss. For more info, visit https://firebase.google.com/docs/functions/manage-functions#modify

[info] i  functions: creating Node.js 24 (2nd Gen) function oneventcreated(us-central1)... 
[info] i  functions: creating Node.js 24 (2nd Gen) function onpenaltyapplied(us-central1)... 
[debug] [2026-03-06T16:36:58.311Z] Checked if tokens are valid: true, expires at: 1772818077714
[debug] [2026-03-06T16:36:58.311Z] Checked if tokens are valid: true, expires at: 1772818077714
[debug] [2026-03-06T16:36:58.312Z] >>> [apiv2][query] POST https://cloudfunctions.googleapis.com/v2/projects/nss-app-7a948/locations/us-central1/functions functionId=oneventcreated
[debug] [2026-03-06T16:36:58.313Z] >>> [apiv2][body] POST https://cloudfunctions.googleapis.com/v2/projects/nss-app-7a948/locations/us-central1/functions {"name":"projects/nss-app-7a948/locations/us-central1/functions/oneventcreated","buildConfig":{"runtime":"nodejs24","entryPoint":"oneventcreated","source":{"storageSource":{"bucket":"gcf-v2-uploads-855183432121.us-central1.cloudfunctions.appspot.com","object":"ae8fac5e-0cda-4c8b-bb9e-d0f9376f302e.zip"}},"environmentVariables":{"GOOGLE_NODE_RUN_SCRIPTS":""}},"serviceConfig":{"environmentVariables":{"FIREBASE_CONFIG":"{\"projectId\":\"nss-app-7a948\",\"storageBucket\":\"nss-app-7a948.firebasestorage.app\"}","GCLOUD_PROJECT":"nss-app-7a948","EVENTARC_CLOUD_EVENT_SOURCE":"projects/nss-app-7a948/locations/us-central1/services/oneventcreated","FUNCTION_SIGNATURE_TYPE":"cloudevent","FUNCTION_TARGET":"oneventcreated","LOG_EXECUTION_ID":"true"},"ingressSettings":null,"timeoutSeconds":null,"serviceAccountEmail":null,"availableMemory":"256Mi","minInstanceCount":null,"maxInstanceCount":null,"maxInstanceRequestConcurrency":80,"availableCpu":"1","vpcConnector":null,"vpcConnectorEgressSettings":null},"labels":{"deployment-tool":"cli-firebase","firebase-functions-hash":"51f71c44993fc2c13bd35d7a4791e55d8a442f6c"},"eventTrigger":{"eventType":"google.cloud.firestore.document.v1.created","retryPolicy":"RETRY_POLICY_DO_NOT_RETRY","eventFilters":[{"attribute":"database","value":"(default)"},{"attribute":"namespace","value":"(default)"},{"attribute":"document","value":"events/{eventId}","operator":"match-path-pattern"}],"triggerRegion":"nam5"}}
[debug] [2026-03-06T16:37:16.184Z] <<< [apiv2][status] POST https://cloudfunctions.googleapis.com/v2/projects/nss-app-7a948/locations/us-central1/functions 400
[debug] [2026-03-06T16:37:16.185Z] <<< [apiv2][body] POST https://cloudfunctions.googleapis.com/v2/projects/nss-app-7a948/locations/us-central1/functions {"error":{"code":400,"message":"Validation failed for trigger projects/nss-app-7a948/locations/nam5/triggers/oneventcreated-057322: Invalid resource state for \"\": Permission denied while using the Eventarc Service Agent. If you recently started to use Eventarc, it may take a few minutes before all necessary permissions are propagated to the Service Agent. Otherwise, verify that it has Eventarc Service Agent role.","status":"FAILED_PRECONDITION"}}
[warn] ⚠  functions: Request to https://cloudfunctions.googleapis.com/v2/projects/nss-app-7a948/locations/us-central1/functions?functionId=oneventcreated had HTTP Error: 400, Validation failed for trigger projects/nss-app-7a948/locations/nam5/triggers/oneventcreated-057322: Invalid resource state for "": Permission denied while using the Eventarc Service Agent. If you recently started to use Eventarc, it may take a few minutes before all necessary permissions are propagated to the Service Agent. Otherwise, verify that it has Eventarc Service Agent role. 
[warn] ⚠  functions: Since this is your first time using 2nd gen functions, we need a little bit longer to finish setting everything up. Retry the deployment in a few minutes. 
[warn] ⚠  functions:  failed to create function projects/nss-app-7a948/locations/us-central1/functions/oneventcreated 
[error] Failed to create function projects/nss-app-7a948/locations/us-central1/functions/oneventcreated
[debug] [2026-03-06T16:37:16.191Z] Checked if tokens are valid: true, expires at: 1772818077714
[debug] [2026-03-06T16:37:16.191Z] Checked if tokens are valid: true, expires at: 1772818077714
[debug] [2026-03-06T16:37:16.192Z] >>> [apiv2][query] POST https://cloudfunctions.googleapis.com/v2/projects/nss-app-7a948/locations/us-central1/functions functionId=onpenaltyapplied
[debug] [2026-03-06T16:37:16.192Z] >>> [apiv2][body] POST https://cloudfunctions.googleapis.com/v2/projects/nss-app-7a948/locations/us-central1/functions {"name":"projects/nss-app-7a948/locations/us-central1/functions/onpenaltyapplied","buildConfig":{"runtime":"nodejs24","entryPoint":"onpenaltyapplied","source":{"storageSource":{"bucket":"gcf-v2-uploads-855183432121.us-central1.cloudfunctions.appspot.com","object":"ae8fac5e-0cda-4c8b-bb9e-d0f9376f302e.zip"}},"environmentVariables":{"GOOGLE_NODE_RUN_SCRIPTS":""}},"serviceConfig":{"environmentVariables":{"FIREBASE_CONFIG":"{\"projectId\":\"nss-app-7a948\",\"storageBucket\":\"nss-app-7a948.firebasestorage.app\"}","GCLOUD_PROJECT":"nss-app-7a948","EVENTARC_CLOUD_EVENT_SOURCE":"projects/nss-app-7a948/locations/us-central1/services/onpenaltyapplied","FUNCTION_SIGNATURE_TYPE":"cloudevent","FUNCTION_TARGET":"onpenaltyapplied","LOG_EXECUTION_ID":"true"},"ingressSettings":null,"timeoutSeconds":null,"serviceAccountEmail":null,"availableMemory":"256Mi","minInstanceCount":null,"maxInstanceCount":null,"maxInstanceRequestConcurrency":80,"availableCpu":"1","vpcConnector":null,"vpcConnectorEgressSettings":null},"labels":{"deployment-tool":"cli-firebase","firebase-functions-hash":"51f71c44993fc2c13bd35d7a4791e55d8a442f6c"},"eventTrigger":{"eventType":"google.cloud.firestore.document.v1.updated","retryPolicy":"RETRY_POLICY_DO_NOT_RETRY","eventFilters":[{"attribute":"database","value":"(default)"},{"attribute":"namespace","value":"(default)"},{"attribute":"document","value":"events/{eventId}","operator":"match-path-pattern"}],"triggerRegion":"nam5"}}
[debug] [2026-03-06T16:37:33.185Z] <<< [apiv2][status] POST https://cloudfunctions.googleapis.com/v2/projects/nss-app-7a948/locations/us-central1/functions 400
[debug] [2026-03-06T16:37:33.185Z] <<< [apiv2][body] POST https://cloudfunctions.googleapis.com/v2/projects/nss-app-7a948/locations/us-central1/functions {"error":{"code":400,"message":"Validation failed for trigger projects/nss-app-7a948/locations/nam5/triggers/onpenaltyapplied-869268: Invalid resource state for \"\": Permission denied while using the Eventarc Service Agent. If you recently started to use Eventarc, it may take a few minutes before all necessary permissions are propagated to the Service Agent. Otherwise, verify that it has Eventarc Service Agent role.","status":"FAILED_PRECONDITION"}}
[warn] ⚠  functions: Request to https://cloudfunctions.googleapis.com/v2/projects/nss-app-7a948/locations/us-central1/functions?functionId=onpenaltyapplied had HTTP Error: 400, Validation failed for trigger projects/nss-app-7a948/locations/nam5/triggers/onpenaltyapplied-869268: Invalid resource state for "": Permission denied while using the Eventarc Service Agent. If you recently started to use Eventarc, it may take a few minutes before all necessary permissions are propagated to the Service Agent. Otherwise, verify that it has Eventarc Service Agent role. 
[warn] ⚠  functions: Since this is your first time using 2nd gen functions, we need a little bit longer to finish setting everything up. Retry the deployment in a few minutes. 
[warn] ⚠  functions:  failed to create function projects/nss-app-7a948/locations/us-central1/functions/onpenaltyapplied 
[error] Failed to create function projects/nss-app-7a948/locations/us-central1/functions/onpenaltyapplied
[debug] [2026-03-06T16:37:33.189Z] Total Function Deployment time: 34892
[debug] [2026-03-06T16:37:33.189Z] 2 Functions Deployed
[debug] [2026-03-06T16:37:33.189Z] 2 Functions Errored
[debug] [2026-03-06T16:37:33.189Z] 0 Function Deployments Aborted
[debug] [2026-03-06T16:37:33.189Z] Average Function Deployment time: 26388.5
[info] 
[info] Functions deploy had errors with the following functions:
	oneventcreated(us-central1)
	onpenaltyapplied(us-central1)
[debug] [2026-03-06T16:37:33.193Z] Checked if tokens are valid: true, expires at: 1772818077714
[debug] [2026-03-06T16:37:33.193Z] Checked if tokens are valid: true, expires at: 1772818077714
[debug] [2026-03-06T16:37:33.194Z] >>> [apiv2][query] GET https://artifactregistry.googleapis.com/v1/projects/nss-app-7a948/locations/us-central1/repositories/gcf-artifacts [none]
[debug] [2026-03-06T16:37:35.129Z] <<< [apiv2][status] GET https://artifactregistry.googleapis.com/v1/projects/nss-app-7a948/locations/us-central1/repositories/gcf-artifacts 200
[debug] [2026-03-06T16:37:35.129Z] <<< [apiv2][body] GET https://artifactregistry.googleapis.com/v1/projects/nss-app-7a948/locations/us-central1/repositories/gcf-artifacts {"name":"projects/nss-app-7a948/locations/us-central1/repositories/gcf-artifacts","format":"DOCKER","description":"This repository is created and used by Cloud Functions for storing function docker images.","labels":{"goog-managed-by":"cloudfunctions"},"createTime":"2026-03-04T08:19:41.921398Z","updateTime":"2026-03-06T09:32:18.734731Z","mode":"STANDARD_REPOSITORY","cleanupPolicies":{"firebase-functions-cleanup":{"id":"firebase-functions-cleanup","action":"DELETE","condition":{"tagState":"ANY","olderThan":"86400s"}}},"vulnerabilityScanningConfig":{"lastEnableTime":"2026-03-04T08:19:30.492386521Z","enablementState":"SCANNING_DISABLED","enablementStateReason":"API containerscanning.googleapis.com is not enabled."},"satisfiesPzi":true,"registryUri":"us-central1-docker.pkg.dev/nss-app-7a948/gcf-artifacts"}
[debug] [2026-03-06T16:37:35.131Z] Functions deploy failed.
[debug] [2026-03-06T16:37:35.131Z] {
  "endpoint": {
    "id": "oneventcreated",
    "project": "nss-app-7a948",
    "region": "us-central1",
    "entryPoint": "oneventcreated",
    "platform": "gcfv2",
    "runtime": "nodejs24",
    "eventTrigger": {
      "eventType": "google.cloud.firestore.document.v1.created",
      "retry": false,
      "eventFilters": {
        "database": "(default)",
        "namespace": "(default)"
      },
      "eventFilterPathPatterns": {
        "document": "events/{eventId}"
      },
      "region": "nam5"
    },
    "labels": {
      "deployment-tool": "cli-firebase"
    },
    "serviceAccount": null,
    "ingressSettings": null,
    "availableMemoryMb": null,
    "timeoutSeconds": null,
    "maxInstances": null,
    "minInstances": null,
    "concurrency": 80,
    "vpc": null,
    "environmentVariables": {
      "FIREBASE_CONFIG": "{\"projectId\":\"nss-app-7a948\",\"storageBucket\":\"nss-app-7a948.firebasestorage.app\"}",
      "GCLOUD_PROJECT": "nss-app-7a948",
      "EVENTARC_CLOUD_EVENT_SOURCE": "projects/nss-app-7a948/locations/us-central1/services/oneventcreated"
    },
    "codebase": "default",
    "cpu": 1,
    "targetedByOnly": false,
    "hash": "51f71c44993fc2c13bd35d7a4791e55d8a442f6c"
  },
  "op": "create",
  "original": {
    "name": "FirebaseError",
    "children": [],
    "context": {
      "function": "projects/nss-app-7a948/locations/us-central1/functions/oneventcreated"
    },
    "exit": 1,
    "message": "Failed to create function projects/nss-app-7a948/locations/us-central1/functions/oneventcreated",
    "original": {
      "name": "FirebaseError",
      "children": [],
      "context": {
        "body": {
          "error": {
            "code": 400,
            "message": "Validation failed for trigger projects/nss-app-7a948/locations/nam5/triggers/oneventcreated-057322: Invalid resource state for \"\": Permission denied while using the Eventarc Service Agent. If you recently started to use Eventarc, it may take a few minutes before all necessary permissions are propagated to the Service Agent. Otherwise, verify that it has Eventarc Service Agent role.",
            "status": "FAILED_PRECONDITION"
          }
        },
        "response": {
          "statusCode": 400
        }
      },
      "exit": 1,
      "message": "Request to https://cloudfunctions.googleapis.com/v2/projects/nss-app-7a948/locations/us-central1/functions?functionId=oneventcreated had HTTP Error: 400, Validation failed for trigger projects/nss-app-7a948/locations/nam5/triggers/oneventcreated-057322: Invalid resource state for \"\": Permission denied while using the Eventarc Service Agent. If you recently started to use Eventarc, it may take a few minutes before all necessary permissions are propagated to the Service Agent. Otherwise, verify that it has Eventarc Service Agent role.",
      "status": 400
    },
    "status": 400,
    "code": 400
  }
}
[debug] [2026-03-06T16:37:35.132Z] {
  "endpoint": {
    "id": "onpenaltyapplied",
    "project": "nss-app-7a948",
    "region": "us-central1",
    "entryPoint": "onpenaltyapplied",
    "platform": "gcfv2",
    "runtime": "nodejs24",
    "eventTrigger": {
      "eventType": "google.cloud.firestore.document.v1.updated",
      "retry": false,
      "eventFilters": {
        "database": "(default)",
        "namespace": "(default)"
      },
      "eventFilterPathPatterns": {
        "document": "events/{eventId}"
      },
      "region": "nam5"
    },
    "labels": {
      "deployment-tool": "cli-firebase"
    },
    "serviceAccount": null,
    "ingressSettings": null,
    "availableMemoryMb": null,
    "timeoutSeconds": null,
    "maxInstances": null,
    "minInstances": null,
    "concurrency": 80,
    "vpc": null,
    "environmentVariables": {
      "FIREBASE_CONFIG": "{\"projectId\":\"nss-app-7a948\",\"storageBucket\":\"nss-app-7a948.firebasestorage.app\"}",
      "GCLOUD_PROJECT": "nss-app-7a948",
      "EVENTARC_CLOUD_EVENT_SOURCE": "projects/nss-app-7a948/locations/us-central1/services/onpenaltyapplied"
    },
    "codebase": "default",
    "cpu": 1,
    "targetedByOnly": false,
    "hash": "51f71c44993fc2c13bd35d7a4791e55d8a442f6c"
  },
  "op": "create",
  "original": {
    "name": "FirebaseError",
    "children": [],
    "context": {
      "function": "projects/nss-app-7a948/locations/us-central1/functions/onpenaltyapplied"
    },
    "exit": 1,
    "message": "Failed to create function projects/nss-app-7a948/locations/us-central1/functions/onpenaltyapplied",
    "original": {
      "name": "FirebaseError",
      "children": [],
      "context": {
        "body": {
          "error": {
            "code": 400,
            "message": "Validation failed for trigger projects/nss-app-7a948/locations/nam5/triggers/onpenaltyapplied-869268: Invalid resource state for \"\": Permission denied while using the Eventarc Service Agent. If you recently started to use Eventarc, it may take a few minutes before all necessary permissions are propagated to the Service Agent. Otherwise, verify that it has Eventarc Service Agent role.",
            "status": "FAILED_PRECONDITION"
          }
        },
        "response": {
          "statusCode": 400
        }
      },
      "exit": 1,
      "message": "Request to https://cloudfunctions.googleapis.com/v2/projects/nss-app-7a948/locations/us-central1/functions?functionId=onpenaltyapplied had HTTP Error: 400, Validation failed for trigger projects/nss-app-7a948/locations/nam5/triggers/onpenaltyapplied-869268: Invalid resource state for \"\": Permission denied while using the Eventarc Service Agent. If you recently started to use Eventarc, it may take a few minutes before all necessary permissions are propagated to the Service Agent. Otherwise, verify that it has Eventarc Service Agent role.",
      "status": 400
    },
    "status": 400,
    "code": 400
  }
}
[error] Error: There was an error deploying functions:
[error] - Error Failed to create function oneventcreated in region us-central1
[error] - Error Failed to create function onpenaltyapplied in region us-central1
